  Math_basic_test.cpp
Math_basic_test.obj : error LNK2001: 无法解析的外部符号 new_term
D:\code\VopesMath\x64\Release\Math_basic_test.exe : fatal error LNK1120: 1 个无法解析的外部命令
